<?xml version="1.0" encoding="UTF-8"?>
<!-- Generated by org.testng.reporters.JUnitReportReporter -->
<testsuite hostname="comp-Lenovo-V110-15ISK" name="misc.EmailCalldata" tests="1" failures="0" timestamp="12 Nov 2020 10:10:47 GMT" time="4.317" errors="0">
  <testcase name="email_calldata_with_non_existing_email" time="4.317" classname="misc.EmailCalldata"/>
</testsuite> <!-- misc.EmailCalldata -->
