<?xml version="1.0" encoding="UTF-8"?>
<!-- Generated by org.testng.reporters.JUnitReportReporter -->
<testsuite hostname="comp-Lenovo-V110-15ISK" name="campaign.CampaignCallFlow" tests="1" failures="0" timestamp="17 Nov 2020 09:15:54 GMT" time="2.733" errors="0">
  <testcase name="campaign_callflow_with_valid_filter_for_call_flow_created" time="2.733" classname="campaign.CampaignCallFlow"/>
</testsuite> <!-- campaign.CampaignCallFlow -->
