<?xml version="1.0" encoding="UTF-8"?>
<!-- Generated by org.testng.reporters.JUnitReportReporter -->
<testsuite hostname="comp-Lenovo-V110-15ISK" failures="0" tests="1" name="com.convirza.cfa_testdata.TestDataHelperClass" time="10.078" errors="0" timestamp="12 Mar 2021 11:47:39 GMT">
  <testcase classname="com.convirza.cfa_testdata.TestDataHelperClass" name="numbers" time="10.078"/>
</testsuite> <!-- com.convirza.cfa_testdata.TestDataHelperClass -->
