<?xml version="1.0" encoding="UTF-8"?>
<!-- Generated by org.testng.reporters.JUnitReportReporter -->
<testsuite hostname="comp-Lenovo-V110-15ISK" name="callflow.CallflowNumber" tests="2" failures="0" timestamp="17 Nov 2020 09:02:11 GMT" time="19.963" errors="0">
  <testcase name="callflow_number_with_greater_or_less_filter_for_updated_at" time="4.333" classname="callflow.CallflowNumber"/>
  <testcase name="callflow_number_with_valid_filter_for_updated_at" time="15.630" classname="callflow.CallflowNumber"/>
</testsuite> <!-- callflow.CallflowNumber -->
