<?xml version="1.0" encoding="UTF-8"?>
<!-- Generated by org.testng.reporters.JUnitReportReporter -->
<testsuite hostname="comp-Lenovo-V110-15ISK" name="group.GroupDniSnippet" tests="1" failures="0" timestamp="17 Nov 2020 09:58:21 GMT" time="3.131" errors="0">
  <testcase name="group_dnisnippet_with_valid_access_token" time="3.131" classname="group.GroupDniSnippet"/>
</testsuite> <!-- group.GroupDniSnippet -->
