<?xml version="1.0" encoding="UTF-8"?>
<!-- Generated by org.testng.reporters.JUnitReportReporter -->
<testsuite hostname="comp-Lenovo-V110-15ISK" failures="0" tests="1" name="callflow.PostTrackingNumber" time="5.705" errors="0" timestamp="22 Dec 2020 06:38:38 GMT">
  <testcase classname="callflow.PostTrackingNumber" name="PostCallFlowForSimpleRouteByAgencyAdmin" time="5.705"/>
</testsuite> <!-- callflow.PostTrackingNumber -->
