<?xml version="1.0" encoding="UTF-8"?>
<!-- Generated by org.testng.reporters.JUnitReportReporter -->
<testsuite hostname="comp-Lenovo-V110-15ISK" name="callflow.CallFlow" tests="1" failures="0" timestamp="9 Nov 2020 11:43:31 GMT" time="24.161" errors="0">
  <testcase name="callflow_with_pool_based_id" time="24.161" classname="callflow.CallFlow"/>
</testsuite> <!-- callflow.CallFlow -->
