<?xml version="1.0" encoding="UTF-8"?>
<!-- Generated by org.testng.reporters.JUnitReportReporter -->
<testsuite hostname="comp-Lenovo-V110-15ISK" name="group.GroupList" tests="1" failures="0" timestamp="12 Nov 2020 11:42:38 GMT" time="16.836" errors="0">
  <testcase name="group_list_with_invalid_operator_for_address_in_filter" time="16.836" classname="group.GroupList"/>
</testsuite> <!-- group.GroupList -->
