<?xml version="1.0" encoding="UTF-8"?>
<!-- Generated by org.testng.reporters.JUnitReportReporter -->
<testsuite hostname="comp-Lenovo-V110-15ISK" name="group.GetGroup" tests="1" failures="0" timestamp="29 Aug 2020 10:34:01 GMT" time="1.739" errors="0">
  <testcase name="group_with_valid_access_token" time="1.739" classname="group.GetGroup"/>
</testsuite> <!-- group.GetGroup -->
