<?xml version="1.0" encoding="UTF-8"?>
<!-- Generated by org.testng.reporters.JUnitReportReporter -->
<testsuite hostname="comp-Lenovo-V110-15ISK" name="callflow.CallflowRecording" tests="1" failures="0" timestamp="9 Nov 2020 11:56:34 GMT" time="7.844" errors="0">
  <testcase name="callflow_recording_with_filter_for_supported_formatted_created_at" time="7.844" classname="callflow.CallflowRecording"/>
</testsuite> <!-- callflow.CallflowRecording -->
