<?xml version="1.0" encoding="UTF-8"?>
<!-- Generated by org.testng.reporters.JUnitReportReporter -->
<testsuite hostname="comp-Lenovo-V110-15ISK" name="callflow.DNIClass" tests="1" failures="0" timestamp="18 Nov 2020 09:14:54 GMT" time="7.948" errors="0">
  <testcase name="get_dniclass_with_agency_admin_access_token" time="7.948" classname="callflow.DNIClass"/>
</testsuite> <!-- callflow.DNIClass -->
