<?xml version="1.0" encoding="UTF-8"?>
<!-- Generated by org.testng.reporters.JUnitReportReporter -->
<testsuite hostname="comp-Lenovo-V110-15ISK" failures="0" tests="1" name="callflow.PostTrackingNumber" time="5.643" errors="0" timestamp="15 Mar 2021 13:44:11 GMT">
  <testcase classname="callflow.PostTrackingNumber" name="PostCallFlowForSimpleRouteByAgencyAdmin" time="5.643"/>
</testsuite> <!-- callflow.PostTrackingNumber -->
