<?xml version="1.0" encoding="UTF-8"?>
<!-- Generated by org.testng.reporters.JUnitReportReporter -->
<testsuite hostname="comp-Lenovo-V110-15ISK" name="blacklist.GetBlacklistNumbers" tests="1" failures="0" timestamp="12 Nov 2020 13:36:52 GMT" time="2.290" errors="0">
  <testcase name="blacklistedNumbersListInheritanceInChildGroups" time="2.290" classname="blacklist.GetBlacklistNumbers"/>
</testsuite> <!-- blacklist.GetBlacklistNumbers -->
