<?xml version="1.0" encoding="UTF-8"?>
<!-- Generated by org.testng.reporters.JUnitReportReporter -->
<testsuite hostname="comp-Lenovo-V110-15ISK" failures="0" tests="7" name="com.convirza.cfa_testdata.TestDataHelperClass" time="15.856" errors="0" timestamp="15 Mar 2021 20:14:01 GMT">
  <testcase classname="com.convirza.cfa_testdata.TestDataHelperClass" name="trackingNumbers" time="0.147"/>
  <testcase classname="com.convirza.cfa_testdata.TestDataHelperClass" name="numbers" time="6.839"/>
  <testcase classname="com.convirza.cfa_testdata.TestDataHelperClass" name="components" time="1.864"/>
  <testcase classname="com.convirza.cfa_testdata.TestDataHelperClass" name="calls" time="0.117"/>
  <testcase classname="com.convirza.cfa_testdata.TestDataHelperClass" name="groups" time="3.242"/>
  <testcase classname="com.convirza.cfa_testdata.TestDataHelperClass" name="webhooks" time="3.419"/>
  <testcase classname="com.convirza.cfa_testdata.TestDataHelperClass" name="campaigns" time="0.228"/>
</testsuite> <!-- com.convirza.cfa_testdata.TestDataHelperClass -->
