<?xml version="1.0" encoding="UTF-8"?>
<!-- Generated by org.testng.reporters.JUnitReportReporter -->
<testsuite hostname="comp-Lenovo-V110-15ISK" name="campaign.CampaignUser" tests="1" failures="0" timestamp="29 Aug 2020 07:06:27 GMT" time="5.423" errors="0">
  <testcase name="campaign_user_with_valid_filter_for_role_id" time="5.423" classname="campaign.CampaignUser"/>
</testsuite> <!-- campaign.CampaignUser -->
