<?xml version="1.0" encoding="UTF-8"?>
<!-- Generated by org.testng.reporters.JUnitReportReporter -->
<testsuite hostname="comp-Lenovo-V110-15ISK" name="customsource.GetCustomSource" tests="1" failures="0" timestamp="12 Nov 2020 13:31:31 GMT" time="6.036" errors="0">
  <testcase name="get_custom_source_with_agency_admin_access_token" time="6.036" classname="customsource.GetCustomSource"/>
</testsuite> <!-- customsource.GetCustomSource -->
